Using pre-set license
Desktop is 1600 x 1200 @ 60 Hz

 COMMAND LINE ARGUMENTS:
Unity
-adb2
-batchMode
-noUpm
-name
AssetImportWorker0
-projectPath
/home/jc/Documents/UnityProjects/CardProbability
-logFile
Logs/AssetImportWorker0.log
-srvPort
41069
Successfully changed project path to: /home/jc/Documents/UnityProjects/CardProbability
/home/jc/Documents/UnityProjects/CardProbability
Using Asset Import Pipeline V2.
Refreshing native plugins compatible for Editor in 57.79 ms, found 0 plugins.
Preloading 0 native plugins for Editor in 0.00 ms.
Initialize engine version: 2020.3.8f1 (507919d4fff5)
[Subsystems] Discovering subsystems at path /home/jc/Unity/Hub/Editor/2020.3.8f1/Editor/Data/Resources/UnitySubsystems
[Subsystems] Discovering subsystems at path /home/jc/Documents/UnityProjects/CardProbability/Assets
GLX Extensions: GLX_ARB_create_context GLX_ARB_create_context_no_error GLX_ARB_create_context_profile GLX_ARB_create_context_robustness GLX_ARB_fbconfig_float GLX_ARB_framebuffer_sRGB GLX_ARB_get_proc_address GLX_ARB_multisample GLX_EXT_buffer_age GLX_EXT_create_context_es2_profile GLX_EXT_create_context_es_profile GLX_EXT_fbconfig_packed_float GLX_EXT_framebuffer_sRGB GLX_EXT_import_context GLX_EXT_swap_control GLX_EXT_swap_control_tear GLX_EXT_texture_from_pixmap GLX_EXT_visual_info GLX_EXT_visual_rating GLX_INTEL_swap_event GLX_MESA_copy_sub_buffer GLX_MESA_query_renderer GLX_MESA_swap_control GLX_OML_swap_method GLX_OML_sync_control GLX_SGIS_multisample GLX_SGIX_fbconfig GLX_SGIX_pbuffer GLX_SGIX_visual_select_group GLX_SGI_make_current_read GLX_SGI_swap_control GLX_SGI_video_sync 
Renderer: Mesa Intel(R) HD Graphics 520 (SKL GT2)
Vendor:   Intel
Version:  4.6 (Core Profile) Mesa 21.1.2
GLES:     0
 GL_3DFX_texture_compression_FXT1 GL_AMD_conservative_depth GL_AMD_depth_clamp_separate GL_AMD_draw_buffers_blend GL_AMD_gpu_shader_int64 GL_AMD_multi_draw_indirect GL_AMD_performance_monitor GL_AMD_pinned_memory GL_AMD_query_buffer_object GL_AMD_seamless_cubemap_per_texture GL_AMD_shader_stencil_export GL_AMD_shader_trinary_minmax GL_AMD_texture_texture4 GL_AMD_vertex_shader_layer GL_AMD_vertex_shader_viewport_index GL_ANGLE_texture_compression_dxt3 GL_ANGLE_texture_compression_dxt5 GL_ARB_ES2_compatibility GL_ARB_ES3_1_compatibility GL_ARB_ES3_2_compatibility GL_ARB_ES3_compatibility GL_ARB_arrays_of_arrays GL_ARB_base_instance GL_ARB_blend_func_extended GL_ARB_buffer_storage GL_ARB_clear_buffer_object GL_ARB_clear_texture GL_ARB_clip_control GL_ARB_compressed_texture_pixel_storage GL_ARB_compute_shader GL_ARB_compute_variable_group_size GL_ARB_conditional_render_inverted GL_ARB_conservative_depth GL_ARB_copy_buffer GL_ARB_copy_image GL_ARB_cull_distance GL_ARB_debug_output GL_ARB_depth_buffer_float GL_ARB
_depth_clamp GL_ARB_derivative_control GL_ARB_direct_state_access GL_ARB_draw_buffers GL_ARB_draw_buffers_blend GL_ARB_draw_elements_base_vertex GL_ARB_draw_indirect GL_ARB_draw_instanced GL_ARB_enhanced_layouts GL_ARB_explicit_attrib_location GL_ARB_explicit_uniform_location GL_ARB_fragment_coord_conventions GL_ARB_fragment_layer_viewport GL_ARB_fragment_shader GL_ARB_fragment_shader_interlock GL_ARB_framebuffer_no_attachments GL_ARB_framebuffer_object GL_ARB_framebuffer_sRGB GL_ARB_get_program_binary GL_ARB_get_texture_sub_image GL_ARB_gl_spirv GL_ARB_gpu_shader5 GL_ARB_gpu_shader_fp64 GL_ARB_gpu_shader_int64 GL_ARB_half_float_pixel GL_ARB_half_float_vertex GL_ARB_indirect_parameters GL_ARB_instanced_arrays GL_ARB_internalformat_query GL_ARB_internalformat_query2 GL_ARB_invalidate_subdata GL_ARB_map_buffer_alignment GL_ARB_map_buffer_range GL_ARB_multi_bind GL_ARB_multi_draw_indirect GL_ARB_occlusion_query2 GL_ARB_parallel_shader_compile GL_ARB_pipeline_statistics_query GL_ARB_pixel_buffer_object GL_ARB_po
int_sprite GL_ARB_polygon_offset_clamp GL_ARB_post_depth_coverage GL_ARB_program_interface_query GL_ARB_provoking_vertex GL_ARB_query_buffer_object GL_ARB_robust_buffer_access_behavior GL_ARB_robustness GL_ARB_sample_shading GL_ARB_sampler_objects GL_ARB_seamless_cube_map GL_ARB_seamless_cubemap_per_texture GL_ARB_separate_shader_objects GL_ARB_shader_atomic_counter_ops GL_ARB_shader_atomic_counters GL_ARB_shader_ballot GL_ARB_shader_bit_encoding GL_ARB_shader_clock GL_ARB_shader_draw_parameters GL_ARB_shader_group_vote GL_ARB_shader_image_load_store GL_ARB_shader_image_size GL_ARB_shader_objects GL_ARB_shader_precision GL_ARB_shader_stencil_export GL_ARB_shader_storage_buffer_object GL_ARB_shader_subroutine GL_ARB_shader_texture_image_samples GL_ARB_shader_texture_lod GL_ARB_shader_viewport_layer_array GL_ARB_shading_language_420pack GL_ARB_shading_language_include GL_ARB_shading_language_packing GL_ARB_spirv_extensions GL_ARB_stencil_texturing GL_ARB_sync GL_ARB_tessellation_shader GL_ARB_texture_barrier G
L_ARB_texture_buffer_object GL_ARB_texture_buffer_object_rgb32 GL_ARB_texture_buffer_range GL_ARB_texture_compression_bptc GL_ARB_texture_compression_rgtc GL_ARB_texture_cube_map_array GL_ARB_texture_filter_anisotropic GL_ARB_texture_float GL_ARB_texture_gather GL_ARB_texture_mirror_clamp_to_edge GL_ARB_texture_multisample GL_ARB_texture_non_power_of_two GL_ARB_texture_query_levels GL_ARB_texture_query_lod GL_ARB_texture_rectangle GL_ARB_texture_rg GL_ARB_texture_rgb10_a2ui GL_ARB_texture_stencil8 GL_ARB_texture_storage GL_ARB_texture_storage_multisample GL_ARB_texture_swizzle GL_ARB_texture_view GL_ARB_timer_query GL_ARB_transform_feedback2 GL_ARB_transform_feedback3 GL_ARB_transform_feedback_instanced GL_ARB_transform_feedback_overflow_query GL_ARB_uniform_buffer_object GL_ARB_vertex_array_bgra GL_ARB_vertex_array_object GL_ARB_vertex_attrib_64bit GL_ARB_vertex_attrib_binding GL_ARB_vertex_buffer_object GL_ARB_vertex_shader GL_ARB_vertex_type_10f_11f_11f_rev GL_ARB_vertex_type_2_10_10_10_rev GL_ARB_viewpor
t_array GL_ATI_blend_equation_separate GL_ATI_texture_float GL_EXT_EGL_image_storage GL_EXT_EGL_sync GL_EXT_abgr GL_EXT_blend_equation_separate GL_EXT_demote_to_helper_invocation GL_EXT_draw_buffers2 GL_EXT_draw_instanced GL_EXT_framebuffer_blit GL_EXT_framebuffer_multisample GL_EXT_framebuffer_multisample_blit_scaled GL_EXT_framebuffer_object GL_EXT_framebuffer_sRGB GL_EXT_packed_depth_stencil GL_EXT_packed_float GL_EXT_pixel_buffer_object GL_EXT_polygon_offset_clamp GL_EXT_provoking_vertex GL_EXT_semaphore GL_EXT_semaphore_fd GL_EXT_shader_framebuffer_fetch GL_EXT_shader_framebuffer_fetch_non_coherent GL_EXT_shader_integer_mix GL_EXT_shader_samples_identical GL_EXT_texture_array GL_EXT_texture_compression_dxt1 GL_EXT_texture_compression_rgtc GL_EXT_texture_compression_s3tc GL_EXT_texture_filter_anisotropic GL_EXT_texture_integer GL_EXT_texture_sRGB GL_EXT_texture_sRGB_R8 GL_EXT_texture_sRGB_decode GL_EXT_texture_shadow_lod GL_EXT_texture_shared_exponent GL_EXT_texture_snorm GL_EXT_texture_swizzle GL_EXT_ti
mer_query GL_EXT_transform_feedback GL_EXT_vertex_array_bgra GL_EXT_vertex_attrib_64bit GL_IBM_multimode_draw_arrays GL_INTEL_blackhole_render GL_INTEL_conservative_rasterization GL_INTEL_performance_query GL_INTEL_shader_atomic_float_minmax GL_INTEL_shader_integer_functions2 GL_KHR_blend_equation_advanced GL_KHR_blend_equation_advanced_coherent GL_KHR_context_flush_control GL_KHR_debug GL_KHR_no_error GL_KHR_parallel_shader_compile GL_KHR_robust_buffer_access_behavior GL_KHR_robustness GL_KHR_texture_compression_astc_ldr GL_KHR_texture_compression_astc_sliced_3d GL_MESA_framebuffer_flip_y GL_MESA_pack_invert GL_MESA_shader_integer_functions GL_MESA_texture_signed_rgba GL_NV_compute_shader_derivatives GL_NV_conditional_render GL_NV_copy_image GL_NV_depth_clamp GL_NV_fragment_shader_interlock GL_NV_packed_depth_stencil GL_NV_texture_barrier GL_OES_EGL_image GL_S3_s3tc
OPENGL LOG: Creating OpenGL 4.6 graphics device ; Context level  <OpenGL 4.5> ; Context handle 680839168
Initialize mono
Mono path[0] = '/home/jc/Unity/Hub/Editor/2020.3.8f1/Editor/Data/Managed'
Mono path[1] = '/home/jc/Unity/Hub/Editor/2020.3.8f1/Editor/Data/MonoBleedingEdge/lib/mono/unityjit'
Mono config path = '/home/jc/Unity/Hub/Editor/2020.3.8f1/Editor/Data/MonoBleedingEdge/etc'
Using monoOptions --debugger-agent=transport=dt_socket,embedding=1,server=y,suspend=n,address=127.0.0.1:56378
Begin MonoManager ReloadAssembly
Registering precompiled unity dll's ...
Register platform support module: /home/jc/Unity/Hub/Editor/2020.3.8f1/Editor/Data/PlaybackEngines/WindowsStandaloneSupport/UnityEditor.WindowsStandalone.Extensions.dll
Register platform support module: /home/jc/Unity/Hub/Editor/2020.3.8f1/Editor/Data/PlaybackEngines/LinuxStandaloneSupport/UnityEditor.LinuxStandalone.Extensions.dll
Registered in 0.002356 seconds.
Native extension for LinuxStandalone target not found
Native extension for WindowsStandalone target not found
Refreshing native plugins compatible for Editor in 40.38 ms, found 0 plugins.
Preloading 0 native plugins for Editor in 0.00 ms.
Mono: successfully reloaded assembly
- Completed reload, in  1.999 seconds
Platform modules already initialized, skipping
Registering precompiled user dll's ...
Registered in 0.000850 seconds.
Begin MonoManager ReloadAssembly
Native extension for LinuxStandalone target not found
Native extension for WindowsStandalone target not found
Refreshing native plugins compatible for Editor in 0.29 ms, found 0 plugins.
Preloading 0 native plugins for Editor in 0.00 ms.
Mono: successfully reloaded assembly
- Completed reload, in  1.663 seconds
Platform modules already initialized, skipping
========================================================================
Worker process is ready to serve import requests
Launched and connected shader compiler UnityShaderCompiler after 0.01 seconds
Refreshing native plugins compatible for Editor in 0.47 ms, found 0 plugins.
Preloading 0 native plugins for Editor in 0.00 ms.
Unloading 1192 Unused Serialized files (Serialized files now loaded: 0)
System memory in use before: 55.4 MB.
System memory in use after: 55.5 MB.

Unloading 10 unused Assets to reduce memory usage. Loaded Objects now: 1637.
Total: 4.538921 ms (FindLiveObjects: 0.638642 ms CreateObjectMapping: 0.141555 ms MarkObjects: 3.540168 ms  DeleteObjects: 0.216609 ms)

========================================================================
Received Import Request.
  path: Assets/Resources/FullDeck/RedTenDiamond Variant.prefab
  artifactKey: Guid(06ec477d39012c29697046bb071902fb) Importer(815301076,1909f56bfc062723c751e8b465ee728b)
Start importing Assets/Resources/FullDeck/RedTenDiamond Variant.prefab using Guid(06ec477d39012c29697046bb071902fb) Importer(815301076,1909f56bfc062723c751e8b465ee728b)  -> (artifact id: '095663d580101d7b97560cde3d8eb666') in 0.168920 seconds
  Import took 0.174404 seconds .

========================================================================
Received Import Request.
  Time since last request: 15.785157 seconds.
  path: Assets/Resources/FullDeck/RedTenDiamond Variant.prefab
  artifactKey: Guid(06ec477d39012c29697046bb071902fb) Importer(815301076,1909f56bfc062723c751e8b465ee728b)
Start importing Assets/Resources/FullDeck/RedTenDiamond Variant.prefab using Guid(06ec477d39012c29697046bb071902fb) Importer(815301076,1909f56bfc062723c751e8b465ee728b)  -> (artifact id: '100080360ef7ef67bc03cc0bb3904bc6') in 0.014975 seconds
  Import took 0.019324 seconds .

========================================================================
Received Import Request.
  Time since last request: 20.184694 seconds.
  path: Assets/Resources/FullDeck/RedTenDiamond Variant.prefab
  artifactKey: Guid(06ec477d39012c29697046bb071902fb) Importer(815301076,1909f56bfc062723c751e8b465ee728b)
Start importing Assets/Resources/FullDeck/RedTenDiamond Variant.prefab using Guid(06ec477d39012c29697046bb071902fb) Importer(815301076,1909f56bfc062723c751e8b465ee728b)  -> (artifact id: 'b70b1f51c19a96a78193a8e749d8c7df') in 0.020147 seconds
  Import took 0.038854 seconds .

========================================================================
Received Import Request.
  Time since last request: 10.850085 seconds.
  path: Assets/Resources/FullDeck/RedTenDiamond Variant.prefab
  artifactKey: Guid(06ec477d39012c29697046bb071902fb) Importer(815301076,1909f56bfc062723c751e8b465ee728b)
Start importing Assets/Resources/FullDeck/RedTenDiamond Variant.prefab using Guid(06ec477d39012c29697046bb071902fb) Importer(815301076,1909f56bfc062723c751e8b465ee728b)  -> (artifact id: '05fb65f57a8309016043db017ae6e62f') in 0.016101 seconds
  Import took 0.023941 seconds .

========================================================================
Received Import Request.
  Time since last request: 26.417448 seconds.
  path: Assets/Resources/FullDeck/BlackNineSpade Variant.prefab
  artifactKey: Guid(195dcbbfa1a049640a1efbe47df8a3be) Importer(815301076,1909f56bfc062723c751e8b465ee728b)
Start importing Assets/Resources/FullDeck/BlackNineSpade Variant.prefab using Guid(195dcbbfa1a049640a1efbe47df8a3be) Importer(815301076,1909f56bfc062723c751e8b465ee728b)  -> (artifact id: '6fad8670cae441c9dc7d58ec4373daf2') in 0.014432 seconds
  Import took 0.018887 seconds .

========================================================================
Received Prepare
Registering precompiled user dll's ...
Registered in 0.000985 seconds.
Begin MonoManager ReloadAssembly
Native extension for LinuxStandalone target not found
Native extension for WindowsStandalone target not found
Refreshing native plugins compatible for Editor in 0.45 ms, found 0 plugins.
Preloading 0 native plugins for Editor in 0.00 ms.
Mono: successfully reloaded assembly
- Completed reload, in  1.721 seconds
Platform modules already initialized, skipping
Refreshing native plugins compatible for Editor in 0.47 ms, found 0 plugins.
Preloading 0 native plugins for Editor in 0.00 ms.
Unloading 1174 Unused Serialized files (Serialized files now loaded: 0)
System memory in use before: 55.5 MB.
System memory in use after: 55.6 MB.

Unloading 5 unused Assets to reduce memory usage. Loaded Objects now: 1648.
Total: 3.839183 ms (FindLiveObjects: 0.273370 ms CreateObjectMapping: 0.094620 ms MarkObjects: 3.379747 ms  DeleteObjects: 0.089229 ms)

========================================================================
Received Prepare
Refreshing native plugins compatible for Editor in 1.36 ms, found 0 plugins.
Preloading 0 native plugins for Editor in 0.00 ms.
Unloading 3 Unused Serialized files (Serialized files now loaded: 0)
System memory in use before: 32.2 MB.
System memory in use after: 32.2 MB.

Unloading 3 unused Assets to reduce memory usage. Loaded Objects now: 1648.
Total: 3.702998 ms (FindLiveObjects: 0.250231 ms CreateObjectMapping: 0.100033 ms MarkObjects: 3.274961 ms  DeleteObjects: 0.075711 ms)

========================================================================
Received Prepare
Refreshing native plugins compatible for Editor in 1.19 ms, found 0 plugins.
Preloading 0 native plugins for Editor in 0.00 ms.
Unloading 3 Unused Serialized files (Serialized files now loaded: 0)
System memory in use before: 32.2 MB.
System memory in use after: 32.2 MB.

Unloading 3 unused Assets to reduce memory usage. Loaded Objects now: 1648.
Total: 3.629481 ms (FindLiveObjects: 0.251422 ms CreateObjectMapping: 0.072821 ms MarkObjects: 3.202372 ms  DeleteObjects: 0.100802 ms)

========================================================================
Received Prepare
Refreshing native plugins compatible for Editor in 0.81 ms, found 0 plugins.
Preloading 0 native plugins for Editor in 0.00 ms.
Unloading 3 Unused Serialized files (Serialized files now loaded: 0)
System memory in use before: 32.2 MB.
System memory in use after: 32.2 MB.

Unloading 3 unused Assets to reduce memory usage. Loaded Objects now: 1648.
Total: 4.103986 ms (FindLiveObjects: 0.166735 ms CreateObjectMapping: 0.052431 ms MarkObjects: 3.817117 ms  DeleteObjects: 0.065861 ms)

========================================================================
Received Prepare
Registering precompiled user dll's ...
Registered in 0.000984 seconds.
Begin MonoManager ReloadAssembly
Native extension for LinuxStandalone target not found
Native extension for WindowsStandalone target not found
Refreshing native plugins compatible for Editor in 0.77 ms, found 0 plugins.
Preloading 0 native plugins for Editor in 0.00 ms.
Mono: successfully reloaded assembly
- Completed reload, in  1.793 seconds
Platform modules already initialized, skipping
Refreshing native plugins compatible for Editor in 0.28 ms, found 0 plugins.
Preloading 0 native plugins for Editor in 0.00 ms.
Unloading 1174 Unused Serialized files (Serialized files now loaded: 0)
System memory in use before: 55.5 MB.
System memory in use after: 55.6 MB.

Unloading 5 unused Assets to reduce memory usage. Loaded Objects now: 1651.
Total: 2.949294 ms (FindLiveObjects: 0.196107 ms CreateObjectMapping: 0.048757 ms MarkObjects: 2.632839 ms  DeleteObjects: 0.069558 ms)

========================================================================
Received Prepare
Refreshing native plugins compatible for Editor in 0.90 ms, found 0 plugins.
Preloading 0 native plugins for Editor in 0.00 ms.
Unloading 3 Unused Serialized files (Serialized files now loaded: 0)
System memory in use before: 32.2 MB.
System memory in use after: 32.3 MB.

Unloading 3 unused Assets to reduce memory usage. Loaded Objects now: 1651.
Total: 2.894392 ms (FindLiveObjects: 0.188930 ms CreateObjectMapping: 0.068914 ms MarkObjects: 2.566682 ms  DeleteObjects: 0.068382 ms)

========================================================================
Received Prepare
Refreshing native plugins compatible for Editor in 1.21 ms, found 0 plugins.
Preloading 0 native plugins for Editor in 0.00 ms.
Unloading 3 Unused Serialized files (Serialized files now loaded: 0)
System memory in use before: 32.2 MB.
System memory in use after: 32.3 MB.

Unloading 3 unused Assets to reduce memory usage. Loaded Objects now: 1651.
Total: 5.889836 ms (FindLiveObjects: 0.262965 ms CreateObjectMapping: 0.059690 ms MarkObjects: 5.414825 ms  DeleteObjects: 0.150425 ms)

========================================================================
Received Prepare
Registering precompiled user dll's ...
Registered in 0.000962 seconds.
Begin MonoManager ReloadAssembly
Native extension for LinuxStandalone target not found
Native extension for WindowsStandalone target not found
Refreshing native plugins compatible for Editor in 0.44 ms, found 0 plugins.
Preloading 0 native plugins for Editor in 0.00 ms.
Mono: successfully reloaded assembly
- Completed reload, in  1.701 seconds
Platform modules already initialized, skipping
Refreshing native plugins compatible for Editor in 0.31 ms, found 0 plugins.
Preloading 0 native plugins for Editor in 0.00 ms.
Unloading 1174 Unused Serialized files (Serialized files now loaded: 0)
System memory in use before: 55.5 MB.
System memory in use after: 55.6 MB.

Unloading 5 unused Assets to reduce memory usage. Loaded Objects now: 1654.
Total: 6.933786 ms (FindLiveObjects: 0.276459 ms CreateObjectMapping: 0.100174 ms MarkObjects: 6.467950 ms  DeleteObjects: 0.086300 ms)

========================================================================
Received Prepare
Refreshing native plugins compatible for Editor in 1.40 ms, found 0 plugins.
Preloading 0 native plugins for Editor in 0.00 ms.
Unloading 3 Unused Serialized files (Serialized files now loaded: 0)
System memory in use before: 32.2 MB.
System memory in use after: 32.3 MB.

Unloading 3 unused Assets to reduce memory usage. Loaded Objects now: 1654.
Total: 8.687102 ms (FindLiveObjects: 0.466391 ms CreateObjectMapping: 0.188556 ms MarkObjects: 7.714432 ms  DeleteObjects: 0.311651 ms)

========================================================================
Received Prepare
Refreshing native plugins compatible for Editor in 0.90 ms, found 0 plugins.
Preloading 0 native plugins for Editor in 0.00 ms.
Unloading 3 Unused Serialized files (Serialized files now loaded: 0)
System memory in use before: 32.2 MB.
System memory in use after: 32.3 MB.

Unloading 3 unused Assets to reduce memory usage. Loaded Objects now: 1654.
Total: 2.762772 ms (FindLiveObjects: 0.167345 ms CreateObjectMapping: 0.050909 ms MarkObjects: 2.479551 ms  DeleteObjects: 0.063334 ms)

AssetImportWorkerClient::OnTransportError - code=2 error=End of file
